<?xml version="1.0" encoding="UTF-8"?>
<testng-results skipped="0" failed="0" total="1" passed="1">
  <reporter-output>
  </reporter-output>
  <suite name="Default suite" duration-ms="19007" started-at="2019-02-02T18:48:41Z" finished-at="2019-02-02T18:49:00Z">
    <groups>
    </groups>
    <test name="Default test" duration-ms="19007" started-at="2019-02-02T18:48:41Z" finished-at="2019-02-02T18:49:00Z">
      <class name="testcases.TC03_VerifyInvestNowButtonIsRedirectingToTheRegisterForm">
        <test-method status="PASS" signature="setUP()[pri:0, instance:testcases.TC03_VerifyInvestNowButtonIsRedirectingToTheRegisterForm@10bdf5e5]" name="setUP" is-config="true" duration-ms="12470" started-at="2019-02-03T00:18:41Z" finished-at="2019-02-03T00:18:54Z">
          <reporter-output>
          </reporter-output>
        </test-method> <!-- setUP -->
        <test-method status="PASS" signature="testOfferWithHighestInterest()[pri:0, instance:testcases.TC03_VerifyInvestNowButtonIsRedirectingToTheRegisterForm@10bdf5e5]" name="testOfferWithHighestInterest" duration-ms="5357" started-at="2019-02-03T00:18:54Z" finished-at="2019-02-03T00:18:59Z">
          <reporter-output>
          </reporter-output>
        </test-method> <!-- testOfferWithHighestInterest -->
        <test-method status="PASS" signature="tearDown(org.testng.ITestResult)[pri:0, instance:testcases.TC03_VerifyInvestNowButtonIsRedirectingToTheRegisterForm@10bdf5e5]" name="tearDown" is-config="true" duration-ms="1156" started-at="2019-02-03T00:18:59Z" finished-at="2019-02-03T00:19:00Z">
          <params>
            <param index="0">
              <value>
                <![CDATA[[TestResult name=testOfferWithHighestInterest status=SUCCESS method=TC03_VerifyInvestNowButtonIsRedirectingToTheRegisterForm.testOfferWithHighestInterest()[pri:0, instance:testcases.TC03_VerifyInvestNowButtonIsRedirectingToTheRegisterForm@10bdf5e5] output={null}]]]>
              </value>
            </param>
          </params>
          <reporter-output>
          </reporter-output>
        </test-method> <!-- tearDown -->
      </class> <!-- testcases.TC03_VerifyInvestNowButtonIsRedirectingToTheRegisterForm -->
    </test> <!-- Default test -->
  </suite> <!-- Default suite -->
</testng-results>
